<?xml version="1.0" encoding="UTF-8"?>
<!-- Generated by org.testng.reporters.JUnitXMLReporter -->
<testsuite hostname="BMH316969" name="Default test" tests="4" failures="0" timestamp="2 May 2013 07:24:10 GMT" time="3.214" errors="0">
  <testcase name="testAddVehicleMake" time="0.14" classname="com.etyre.vehicle.service.VehicleMakeServiceTest"/>
  <testcase name="testCreateVehicleMake" time="0.0050" classname="com.etyre.vehicle.service.VehicleMakeServiceTest"/>
  <testcase name="testUpdateVehicleMake" time="0.04" classname="com.etyre.vehicle.service.VehicleMakeServiceTest"/>
  <testcase name="testgetVehicleMake" time="0.0050" classname="com.etyre.vehicle.service.VehicleMakeServiceTest"/>
</testsuite> <!-- Default test -->
