<?xml version="1.0" encoding="UTF-8"?>
<testng-results skipped="0" failed="0" total="1" passed="1">
  <reporter-output>
  </reporter-output>
  <suite name="Default suite" duration-ms="35" started-at="2013-07-02T09:08:48Z" finished-at="2013-07-02T09:08:48Z">
    <groups>
    </groups>
    <test name="Default test" duration-ms="35" started-at="2013-07-02T09:08:48Z" finished-at="2013-07-02T09:08:48Z">
      <class name="AnnotationTest">
        <test-method status="PASS" signature="testAnnotationInheritence()[pri:0, instance:AnnotationTest@175093f1]" name="testAnnotationInheritence" duration-ms="23" started-at="2013-07-02T14:38:48Z" finished-at="2013-07-02T14:38:48Z">
          <reporter-output>
          </reporter-output>
        </test-method> <!-- testAnnotationInheritence -->
      </class> <!-- AnnotationTest -->
    </test> <!-- Default test -->
  </suite> <!-- Default suite -->
</testng-results>
